0 verbose cli C:\Program Files\nodejs\node.exe C:\Program Files\nodejs\node_modules\npm\bin\npm-cli.js
1 info using npm@10.1.0
2 info using node@v20.8.0
3 timing npm:load:whichnode Completed in 3ms
4 timing config:load:defaults Completed in 2ms
5 timing config:load:file:C:\Program Files\nodejs\node_modules\npm\npmrc Completed in 4ms
6 timing config:load:builtin Completed in 4ms
7 timing config:load:cli Completed in 2ms
8 timing config:load:env Completed in 0ms
9 timing config:load:file:C:\Users\KUNDAN GOWDA N\Downloads\course-app-main\.npmrc Completed in 0ms
10 timing config:load:project Completed in 4ms
11 timing config:load:file:C:\Users\KUNDAN GOWDA N\.npmrc Completed in 1ms
12 timing config:load:user Completed in 1ms
13 timing config:load:file:C:\Users\KUNDAN GOWDA N\Downloads\course-app-main\Devnpm-repositorynpm\etc\npmrc Completed in 0ms
14 timing config:load:global Completed in 1ms
15 timing config:load:setEnvs Completed in 1ms
16 timing config:load Completed in 15ms
17 timing npm:load:configload Completed in 15ms
18 timing config:load:flatten Completed in 2ms
19 timing npm:load:mkdirpcache Completed in 0ms
20 timing npm:load:mkdirplogs Completed in 1ms
21 verbose title npm exec create-next-app my-web-app
22 verbose argv "exec" "--" "create-next-app" "my-web-app"
23 timing npm:load:setTitle Completed in 1ms
24 timing npm:load:display Completed in 0ms
25 verbose logfile logs-max:10 dir:C:\Users\KUNDAN GOWDA N\Downloads\course-app-main\Devnpm-repositorynpm-cache\_logs\2024-03-05T10_57_11_081Z-
26 verbose logfile C:\Users\KUNDAN GOWDA N\Downloads\course-app-main\Devnpm-repositorynpm-cache\_logs\2024-03-05T10_57_11_081Z-debug-0.log
27 timing npm:load:logFile Completed in 11ms
28 timing npm:load:timers Completed in 0ms
29 timing npm:load:configScope Completed in 0ms
30 timing npm:load Completed in 54ms
31 silly logfile done cleaning log files
32 timing arborist:ctor Completed in 1ms
33 timing arborist:ctor Completed in 0ms
34 http fetch GET 200 https://registry.npmjs.org/create-next-app 408ms (cache miss)
35 timing arborist:ctor Completed in 0ms
36 timing command:exec Completed in 485ms
37 verbose stack Error: ENOENT: no such file or directory, lstat 'C:\Users\KUNDAN GOWDA N\Downloads\course-app-main\Devnpm-repositorynpm'
38 verbose cwd C:\Users\KUNDAN GOWDA N\Downloads\course-app-main
39 verbose Windows_NT 10.0.19045
40 verbose node v20.8.0
41 verbose npm  v10.1.0
42 error code ENOENT
43 error syscall lstat
44 error path C:\Users\KUNDAN GOWDA N\Downloads\course-app-main\Devnpm-repositorynpm
45 error errno -4058
46 error enoent ENOENT: no such file or directory, lstat 'C:\Users\KUNDAN GOWDA N\Downloads\course-app-main\Devnpm-repositorynpm'
47 error enoent This is related to npm not being able to find a file.
47 error enoent
48 verbose exit -4058
49 timing npm Completed in 784ms
50 verbose code -4058
51 error A complete log of this run can be found in: C:\Users\KUNDAN GOWDA N\Downloads\course-app-main\Devnpm-repositorynpm-cache\_logs\2024-03-05T10_57_11_081Z-debug-0.log
